Performing C SOURCE FILE Test CMAKE_HAVE_LIBC_PTHREAD failed with the following output:
Change Dir: /home/ubun/catkin_ws/build/CMakeFiles/CMakeTmp

Run Build Command(s):/usr/bin/make cmTC_3e1e7/fast && /usr/bin/make -f CMakeFiles/cmTC_3e1e7.dir/build.make CMakeFiles/cmTC_3e1e7.dir/build
make[1]: Entering directory '/home/ubun/catkin_ws/build/CMakeFiles/CMakeTmp'
Building C object CMakeFiles/cmTC_3e1e7.dir/src.c.o
/usr/bin/cc   -DCMAKE_HAVE_LIBC_PTHREAD   -o CMakeFiles/cmTC_3e1e7.dir/src.c.o   -c /home/ubun/catkin_ws/build/CMakeFiles/CMakeTmp/src.c
Linking C executable cmTC_3e1e7
/usr/bin/cmake -E cmake_link_script CMakeFiles/cmTC_3e1e7.dir/link.txt --verbose=1
/usr/bin/cc  -DCMAKE_HAVE_LIBC_PTHREAD    -rdynamic CMakeFiles/cmTC_3e1e7.dir/src.c.o  -o cmTC_3e1e7 
/usr/bin/ld: CMakeFiles/cmTC_3e1e7.dir/src.c.o: in function `main':
src.c:(.text+0x46): undefined reference to `pthread_create'
/usr/bin/ld: src.c:(.text+0x52): undefined reference to `pthread_detach'
/usr/bin/ld: src.c:(.text+0x63): undefined reference to `pthread_join'
collect2: error: ld returned 1 exit status
make[1]: *** [CMakeFiles/cmTC_3e1e7.dir/build.make:87: cmTC_3e1e7] Error 1
make[1]: Leaving directory '/home/ubun/catkin_ws/build/CMakeFiles/CMakeTmp'
make: *** [Makefile:121: cmTC_3e1e7/fast] Error 2


Source file was:
#include <pthread.h>

void* test_func(void* data)
{
  return data;
}

int main(void)
{
  pthread_t thread;
  pthread_create(&thread, NULL, test_func, NULL);
  pthread_detach(thread);
  pthread_join(thread, NULL);
  pthread_atfork(NULL, NULL, NULL);
  pthread_exit(NULL);

  return 0;
}

Determining if the function pthread_create exists in the pthreads failed with the following output:
Change Dir: /home/ubun/catkin_ws/build/CMakeFiles/CMakeTmp

Run Build Command(s):/usr/bin/make cmTC_66902/fast && /usr/bin/make -f CMakeFiles/cmTC_66902.dir/build.make CMakeFiles/cmTC_66902.dir/build
make[1]: Entering directory '/home/ubun/catkin_ws/build/CMakeFiles/CMakeTmp'
Building C object CMakeFiles/cmTC_66902.dir/CheckFunctionExists.c.o
/usr/bin/cc   -DCHECK_FUNCTION_EXISTS=pthread_create   -o CMakeFiles/cmTC_66902.dir/CheckFunctionExists.c.o   -c /usr/share/cmake-3.16/Modules/CheckFunctionExists.c
Linking C executable cmTC_66902
/usr/bin/cmake -E cmake_link_script CMakeFiles/cmTC_66902.dir/link.txt --verbose=1
/usr/bin/cc  -DCHECK_FUNCTION_EXISTS=pthread_create    -rdynamic CMakeFiles/cmTC_66902.dir/CheckFunctionExists.c.o  -o cmTC_66902  -lpthreads 
/usr/bin/ld: cannot find -lpthreads
collect2: error: ld returned 1 exit status
make[1]: *** [CMakeFiles/cmTC_66902.dir/build.make:87: cmTC_66902] Error 1
make[1]: Leaving directory '/home/ubun/catkin_ws/build/CMakeFiles/CMakeTmp'
make: *** [Makefile:121: cmTC_66902/fast] Error 2



Determining if the include file FL/Fl.H exists failed with the following output:
Change Dir: /home/ubun/catkin_ws/build/CMakeFiles/CMakeTmp

Run Build Command(s):/usr/bin/make cmTC_abbb6/fast && /usr/bin/make -f CMakeFiles/cmTC_abbb6.dir/build.make CMakeFiles/cmTC_abbb6.dir/build
make[1]: Entering directory '/home/ubun/catkin_ws/build/CMakeFiles/CMakeTmp'
Building CXX object CMakeFiles/cmTC_abbb6.dir/CheckIncludeFile.cxx.o
/usr/bin/c++     -o CMakeFiles/cmTC_abbb6.dir/CheckIncludeFile.cxx.o -c /home/ubun/catkin_ws/build/CMakeFiles/CMakeTmp/CheckIncludeFile.cxx
/home/ubun/catkin_ws/build/CMakeFiles/CMakeTmp/CheckIncludeFile.cxx:1:10: fatal error: FL/Fl.H: No such file or directory
    1 | #include <FL/Fl.H>
      |          ^~~~~~~~~
compilation terminated.
make[1]: *** [CMakeFiles/cmTC_abbb6.dir/build.make:66: CMakeFiles/cmTC_abbb6.dir/CheckIncludeFile.cxx.o] Error 1
make[1]: Leaving directory '/home/ubun/catkin_ws/build/CMakeFiles/CMakeTmp'
make: *** [Makefile:121: cmTC_abbb6/fast] Error 2



Determining if the include file pgm.h exists failed with the following output:
Change Dir: /home/ubun/catkin_ws/build/CMakeFiles/CMakeTmp

Run Build Command(s):/usr/bin/make cmTC_07132/fast && /usr/bin/make -f CMakeFiles/cmTC_07132.dir/build.make CMakeFiles/cmTC_07132.dir/build
make[1]: Entering directory '/home/ubun/catkin_ws/build/CMakeFiles/CMakeTmp'
Building CXX object CMakeFiles/cmTC_07132.dir/CheckIncludeFile.cxx.o
/usr/bin/c++     -o CMakeFiles/cmTC_07132.dir/CheckIncludeFile.cxx.o -c /home/ubun/catkin_ws/build/CMakeFiles/CMakeTmp/CheckIncludeFile.cxx
/home/ubun/catkin_ws/build/CMakeFiles/CMakeTmp/CheckIncludeFile.cxx:1:10: fatal error: pgm.h: No such file or directory
    1 | #include <pgm.h>
      |          ^~~~~~~
compilation terminated.
make[1]: *** [CMakeFiles/cmTC_07132.dir/build.make:66: CMakeFiles/cmTC_07132.dir/CheckIncludeFile.cxx.o] Error 1
make[1]: Leaving directory '/home/ubun/catkin_ws/build/CMakeFiles/CMakeTmp'
make: *** [Makefile:121: cmTC_07132/fast] Error 2



Performing C SOURCE FILE Test CMAKE_HAVE_LIBC_PTHREAD failed with the following output:
Change Dir: /home/nts/catkin_ws/build/CMakeFiles/CMakeTmp

Run Build Command(s):/usr/bin/make cmTC_cea6b/fast && /usr/bin/make -f CMakeFiles/cmTC_cea6b.dir/build.make CMakeFiles/cmTC_cea6b.dir/build
make[1]: Entering directory '/home/nts/catkin_ws/build/CMakeFiles/CMakeTmp'
Building C object CMakeFiles/cmTC_cea6b.dir/src.c.o
/usr/bin/cc   -DCMAKE_HAVE_LIBC_PTHREAD   -o CMakeFiles/cmTC_cea6b.dir/src.c.o   -c /home/nts/catkin_ws/build/CMakeFiles/CMakeTmp/src.c
Linking C executable cmTC_cea6b
/usr/bin/cmake -E cmake_link_script CMakeFiles/cmTC_cea6b.dir/link.txt --verbose=1
/usr/bin/cc  -DCMAKE_HAVE_LIBC_PTHREAD    -rdynamic CMakeFiles/cmTC_cea6b.dir/src.c.o  -o cmTC_cea6b 
/usr/bin/ld: CMakeFiles/cmTC_cea6b.dir/src.c.o: in function `main':
src.c:(.text+0x46): undefined reference to `pthread_create'
/usr/bin/ld: src.c:(.text+0x52): undefined reference to `pthread_detach'
/usr/bin/ld: src.c:(.text+0x63): undefined reference to `pthread_join'
collect2: error: ld returned 1 exit status
make[1]: *** [CMakeFiles/cmTC_cea6b.dir/build.make:87: cmTC_cea6b] Error 1
make[1]: Leaving directory '/home/nts/catkin_ws/build/CMakeFiles/CMakeTmp'
make: *** [Makefile:121: cmTC_cea6b/fast] Error 2


Source file was:
#include <pthread.h>

void* test_func(void* data)
{
  return data;
}

int main(void)
{
  pthread_t thread;
  pthread_create(&thread, NULL, test_func, NULL);
  pthread_detach(thread);
  pthread_join(thread, NULL);
  pthread_atfork(NULL, NULL, NULL);
  pthread_exit(NULL);

  return 0;
}

Determining if the function pthread_create exists in the pthreads failed with the following output:
Change Dir: /home/nts/catkin_ws/build/CMakeFiles/CMakeTmp

Run Build Command(s):/usr/bin/make cmTC_d9be2/fast && /usr/bin/make -f CMakeFiles/cmTC_d9be2.dir/build.make CMakeFiles/cmTC_d9be2.dir/build
make[1]: Entering directory '/home/nts/catkin_ws/build/CMakeFiles/CMakeTmp'
Building C object CMakeFiles/cmTC_d9be2.dir/CheckFunctionExists.c.o
/usr/bin/cc   -DCHECK_FUNCTION_EXISTS=pthread_create   -o CMakeFiles/cmTC_d9be2.dir/CheckFunctionExists.c.o   -c /usr/share/cmake-3.16/Modules/CheckFunctionExists.c
Linking C executable cmTC_d9be2
/usr/bin/cmake -E cmake_link_script CMakeFiles/cmTC_d9be2.dir/link.txt --verbose=1
/usr/bin/cc  -DCHECK_FUNCTION_EXISTS=pthread_create    -rdynamic CMakeFiles/cmTC_d9be2.dir/CheckFunctionExists.c.o  -o cmTC_d9be2  -lpthreads 
/usr/bin/ld: cannot find -lpthreads
collect2: error: ld returned 1 exit status
make[1]: *** [CMakeFiles/cmTC_d9be2.dir/build.make:87: cmTC_d9be2] Error 1
make[1]: Leaving directory '/home/nts/catkin_ws/build/CMakeFiles/CMakeTmp'
make: *** [Makefile:121: cmTC_d9be2/fast] Error 2



Determining if the include file pgm.h exists failed with the following output:
Change Dir: /home/nts/catkin_ws/build/CMakeFiles/CMakeTmp

Run Build Command(s):/usr/bin/make cmTC_bae22/fast && /usr/bin/make -f CMakeFiles/cmTC_bae22.dir/build.make CMakeFiles/cmTC_bae22.dir/build
make[1]: Entering directory '/home/nts/catkin_ws/build/CMakeFiles/CMakeTmp'
Building CXX object CMakeFiles/cmTC_bae22.dir/CheckIncludeFile.cxx.o
/usr/bin/c++     -o CMakeFiles/cmTC_bae22.dir/CheckIncludeFile.cxx.o -c /home/nts/catkin_ws/build/CMakeFiles/CMakeTmp/CheckIncludeFile.cxx
/home/nts/catkin_ws/build/CMakeFiles/CMakeTmp/CheckIncludeFile.cxx:1:10: fatal error: pgm.h: No such file or directory
    1 | #include <pgm.h>
      |          ^~~~~~~
compilation terminated.
make[1]: *** [CMakeFiles/cmTC_bae22.dir/build.make:66: CMakeFiles/cmTC_bae22.dir/CheckIncludeFile.cxx.o] Error 1
make[1]: Leaving directory '/home/nts/catkin_ws/build/CMakeFiles/CMakeTmp'
make: *** [Makefile:121: cmTC_bae22/fast] Error 2



